---------------------------------------------
Starting Tacoco JUnitRunner: /Users/bada/git/test/joda-time
---------------------------------------------
----------------Filters
----------------includes[Ljava.lang.Object;@5223e5ee
----------------excludes[Ljava.lang.Object;@bef2d72
Starting class org.joda.time.TestAllPackages

TestBuddhistChronology.testCalendar

TestCopticChronology.testCalendar

TestEthiopicChronology.testCalendar

TestIslamicChronology.testCalendar

Testing Gregorian chronology over 1000 iterations
100% complete (i=1000)

Testing Julian chronology over 1000 iterations
100% complete (i=1000)
Writing zoneinfo files
Writing ZoneInfoMap
Finishing class org.joda.time.TestAllPackages Tests run: 4163 Failures: 0 Errors: 0 Skipped: 0 Time elapsed: 57.478sec
-------------------------------------------------
Tacoco Execution Time: 57.478sec
Run Counts:4163
Failure Counts:0
Ignore Counts:0
Number of Thread:1
-------------------------------------------------
