---------------------------------------------
Starting Tacoco JUnitRunner: /Users/bada/git/test/commons-math-2.0-src
---------------------------------------------
----------------Filters
----------------includes[Test]
----------------excludes[AbstractTest]
Starting class org.apache.commons.math.analysis.integration.LegendreGaussIntegratorTest
Finishing class org.apache.commons.math.analysis.integration.LegendreGaussIntegratorTest Tests run: 3 Failures: 0 Errors: 0 Skipped: 0 Time elapsed: 0.064sec
Starting class org.apache.commons.math.analysis.integration.RombergIntegratorTest
Finishing class org.apache.commons.math.analysis.integration.RombergIntegratorTest Tests run: 3 Failures: 0 Errors: 0 Skipped: 0 Time elapsed: 0.088sec
Starting class org.apache.commons.math.analysis.integration.SimpsonIntegratorTest
Finishing class org.apache.commons.math.analysis.integration.SimpsonIntegratorTest Tests run: 3 Failures: 0 Errors: 0 Skipped: 0 Time elapsed: 0.017sec
Starting class org.apache.commons.math.analysis.integration.TrapezoidIntegratorTest
Finishing class org.apache.commons.math.analysis.integration.TrapezoidIntegratorTest Tests run: 3 Failures: 0 Errors: 0 Skipped: 0 Time elapsed: 0.016sec
Starting class org.apache.commons.math.analysis.interpolation.DividedDifferenceInterpolatorTest
Finishing class org.apache.commons.math.analysis.interpolation.DividedDifferenceInterpolatorTest Tests run: 3 Failures: 0 Errors: 0 Skipped: 0 Time elapsed: 0.022sec
Starting class org.apache.commons.math.analysis.interpolation.LoessInterpolatorTest
Finishing class org.apache.commons.math.analysis.interpolation.LoessInterpolatorTest Tests run: 12 Failures: 0 Errors: 0 Skipped: 0 Time elapsed: 0.132sec
Starting class org.apache.commons.math.analysis.interpolation.NevilleInterpolatorTest
Finishing class org.apache.commons.math.analysis.interpolation.NevilleInterpolatorTest Tests run: 3 Failures: 0 Errors: 0 Skipped: 0 Time elapsed: 0.016sec
Starting class org.apache.commons.math.analysis.interpolation.SplineInterpolatorTest
Finishing class org.apache.commons.math.analysis.interpolation.SplineInterpolatorTest Tests run: 5 Failures: 0 Errors: 0 Skipped: 0 Time elapsed: 0.036sec
Starting class org.apache.commons.math.analysis.polynomials.PolynomialFunctionLagrangeFormTest
Finishing class org.apache.commons.math.analysis.polynomials.PolynomialFunctionLagrangeFormTest Tests run: 4 Failures: 0 Errors: 0 Skipped: 0 Time elapsed: 0.022sec
Starting class org.apache.commons.math.analysis.polynomials.PolynomialFunctionNewtonFormTest
Finishing class org.apache.commons.math.analysis.polynomials.PolynomialFunctionNewtonFormTest Tests run: 4 Failures: 0 Errors: 0 Skipped: 0 Time elapsed: 0.021sec
Starting class org.apache.commons.math.analysis.polynomials.PolynomialFunctionTest
Finishing class org.apache.commons.math.analysis.polynomials.PolynomialFunctionTest Tests run: 10 Failures: 0 Errors: 0 Skipped: 0 Time elapsed: 0.067sec
Starting class org.apache.commons.math.analysis.polynomials.PolynomialSplineFunctionTest
Finishing class org.apache.commons.math.analysis.polynomials.PolynomialSplineFunctionTest Tests run: 2 Failures: 0 Errors: 0 Skipped: 0 Time elapsed: 0.014sec
Starting class org.apache.commons.math.analysis.polynomials.PolynomialsUtilsTest
Finishing class org.apache.commons.math.analysis.polynomials.PolynomialsUtilsTest Tests run: 10 Failures: 0 Errors: 0 Skipped: 0 Time elapsed: 0.131sec
Starting class org.apache.commons.math.analysis.solvers.BisectionSolverTest
Finishing class org.apache.commons.math.analysis.solvers.BisectionSolverTest Tests run: 11 Failures: 0 Errors: 0 Skipped: 0 Time elapsed: 0.079sec
Starting class org.apache.commons.math.analysis.solvers.BrentSolverTest
Finishing class org.apache.commons.math.analysis.solvers.BrentSolverTest Tests run: 6 Failures: 0 Errors: 0 Skipped: 0 Time elapsed: 0.054sec
Starting class org.apache.commons.math.analysis.solvers.LaguerreSolverTest
Finishing class org.apache.commons.math.analysis.solvers.LaguerreSolverTest Tests run: 6 Failures: 0 Errors: 0 Skipped: 0 Time elapsed: 0.067sec
Starting class org.apache.commons.math.analysis.solvers.MullerSolverTest
Finishing class org.apache.commons.math.analysis.solvers.MullerSolverTest Tests run: 9 Failures: 0 Errors: 0 Skipped: 0 Time elapsed: 0.073sec
Starting class org.apache.commons.math.analysis.solvers.NewtonSolverTest
Finishing class org.apache.commons.math.analysis.solvers.NewtonSolverTest Tests run: 3 Failures: 0 Errors: 0 Skipped: 0 Time elapsed: 0.023sec
Starting class org.apache.commons.math.analysis.solvers.RiddersSolverTest
Finishing class org.apache.commons.math.analysis.solvers.RiddersSolverTest Tests run: 5 Failures: 0 Errors: 0 Skipped: 0 Time elapsed: 0.041sec
Starting class org.apache.commons.math.analysis.solvers.UnivariateRealSolverFactoryImplTest
Finishing class org.apache.commons.math.analysis.solvers.UnivariateRealSolverFactoryImplTest Tests run: 4 Failures: 0 Errors: 0 Skipped: 0 Time elapsed: 0.026sec
Starting class org.apache.commons.math.analysis.solvers.UnivariateRealSolverUtilsTest
Finishing class org.apache.commons.math.analysis.solvers.UnivariateRealSolverUtilsTest Tests run: 9 Failures: 0 Errors: 0 Skipped: 0 Time elapsed: 0.074sec
Starting class org.apache.commons.math.ArgumentOutsideDomainExceptionTest
Finishing class org.apache.commons.math.ArgumentOutsideDomainExceptionTest Tests run: 1 Failures: 0 Errors: 0 Skipped: 0 Time elapsed: 0.018sec
Starting class org.apache.commons.math.complex.ComplexFieldTest
Finishing class org.apache.commons.math.complex.ComplexFieldTest Tests run: 3 Failures: 0 Errors: 0 Skipped: 0 Time elapsed: 0.023sec
Starting class org.apache.commons.math.complex.ComplexTest
Finishing class org.apache.commons.math.complex.ComplexTest Tests run: 95 Failures: 0 Errors: 0 Skipped: 0 Time elapsed: 0.439sec
Starting class org.apache.commons.math.complex.ComplexUtilsTest
Finishing class org.apache.commons.math.complex.ComplexUtilsTest Tests run: 4 Failures: 0 Errors: 0 Skipped: 0 Time elapsed: 0.016sec
Starting class org.apache.commons.math.ConvergenceExceptionTest
Finishing class org.apache.commons.math.ConvergenceExceptionTest Tests run: 4 Failures: 0 Errors: 0 Skipped: 0 Time elapsed: 0.016sec
Starting class org.apache.commons.math.distribution.BetaDistributionTest
Finishing class org.apache.commons.math.distribution.BetaDistributionTest Tests run: 2 Failures: 0 Errors: 0 Skipped: 0 Time elapsed: 0.077sec
Starting class org.apache.commons.math.DuplicateSampleAbscissaExceptionTest
Finishing class org.apache.commons.math.DuplicateSampleAbscissaExceptionTest Tests run: 1 Failures: 0 Errors: 0 Skipped: 0 Time elapsed: 0.007sec
Starting class org.apache.commons.math.estimation.EstimatedParameterTest
Finishing class org.apache.commons.math.estimation.EstimatedParameterTest Tests run: 3 Failures: 0 Errors: 0 Skipped: 0 Time elapsed: 0.016sec
Starting class org.apache.commons.math.estimation.GaussNewtonEstimatorTest
Finishing class org.apache.commons.math.estimation.GaussNewtonEstimatorTest Tests run: 15 Failures: 0 Errors: 0 Skipped: 0 Time elapsed: 0.164sec
Starting class org.apache.commons.math.estimation.LevenbergMarquardtEstimatorTest
Finishing class org.apache.commons.math.estimation.LevenbergMarquardtEstimatorTest Tests run: 15 Failures: 0 Errors: 0 Skipped: 0 Time elapsed: 0.314sec
Starting class org.apache.commons.math.estimation.MinpackTest
Finishing class org.apache.commons.math.estimation.MinpackTest Tests run: 18 Failures: 0 Errors: 0 Skipped: 0 Time elapsed: 1.676sec
Starting class org.apache.commons.math.estimation.WeightedMeasurementTest
Finishing class org.apache.commons.math.estimation.WeightedMeasurementTest Tests run: 3 Failures: 0 Errors: 0 Skipped: 0 Time elapsed: 0.014sec
Starting class org.apache.commons.math.fraction.BigFractionFieldTest
Finishing class org.apache.commons.math.fraction.BigFractionFieldTest Tests run: 3 Failures: 0 Errors: 0 Skipped: 0 Time elapsed: 0.019sec
Starting class org.apache.commons.math.fraction.BigFractionFormatTest
Finishing class org.apache.commons.math.fraction.BigFractionFormatTest Tests run: 19 Failures: 0 Errors: 0 Skipped: 0 Time elapsed: 0.113sec
Starting class org.apache.commons.math.fraction.BigFractionTest
Finishing class org.apache.commons.math.fraction.BigFractionTest Tests run: 23 Failures: 0 Errors: 0 Skipped: 0 Time elapsed: 0.121sec
Starting class org.apache.commons.math.fraction.FractionFieldTest
Finishing class org.apache.commons.math.fraction.FractionFieldTest Tests run: 3 Failures: 0 Errors: 0 Skipped: 0 Time elapsed: 0.019sec
Starting class org.apache.commons.math.fraction.FractionFormatTest
Finishing class org.apache.commons.math.fraction.FractionFormatTest Tests run: 18 Failures: 0 Errors: 0 Skipped: 0 Time elapsed: 0.107sec
Starting class org.apache.commons.math.fraction.FractionTest
Finishing class org.apache.commons.math.fraction.FractionTest Tests run: 23 Failures: 0 Errors: 0 Skipped: 0 Time elapsed: 0.285sec
Starting class org.apache.commons.math.FunctionEvaluationExceptionTest
Finishing class org.apache.commons.math.FunctionEvaluationExceptionTest Tests run: 8 Failures: 0 Errors: 0 Skipped: 0 Time elapsed: 0.043sec
Starting class org.apache.commons.math.genetics.BinaryChromosomeTest
Finishing class org.apache.commons.math.genetics.BinaryChromosomeTest Tests run: 3 Failures: 0 Errors: 0 Skipped: 0 Time elapsed: 0.021sec
Starting class org.apache.commons.math.genetics.BinaryMutationTest
Finishing class org.apache.commons.math.genetics.BinaryMutationTest Tests run: 1 Failures: 0 Errors: 0 Skipped: 0 Time elapsed: 0.007sec
Starting class org.apache.commons.math.genetics.ChromosomeTest
Finishing class org.apache.commons.math.genetics.ChromosomeTest Tests run: 2 Failures: 0 Errors: 0 Skipped: 0 Time elapsed: 0.018sec
Starting class org.apache.commons.math.genetics.ElitisticListPopulationTest
Finishing class org.apache.commons.math.genetics.ElitisticListPopulationTest Tests run: 1 Failures: 0 Errors: 0 Skipped: 0 Time elapsed: 0.009sec
Starting class org.apache.commons.math.genetics.FitnessCachingTest
Finishing class org.apache.commons.math.genetics.FitnessCachingTest Tests run: 1 Failures: 0 Errors: 0 Skipped: 0 Time elapsed: 0.032sec
Starting class org.apache.commons.math.genetics.FixedGenerationCountTest
Finishing class org.apache.commons.math.genetics.FixedGenerationCountTest Tests run: 1 Failures: 0 Errors: 0 Skipped: 0 Time elapsed: 0.009sec
Starting class org.apache.commons.math.genetics.ListPopulationTest
Finishing class org.apache.commons.math.genetics.ListPopulationTest Tests run: 1 Failures: 0 Errors: 0 Skipped: 0 Time elapsed: 0.009sec
Starting class org.apache.commons.math.genetics.OnePointCrossoverTest
Finishing class org.apache.commons.math.genetics.OnePointCrossoverTest Tests run: 1 Failures: 0 Errors: 0 Skipped: 0 Time elapsed: 0.007sec
Starting class org.apache.commons.math.genetics.RandomKeyMutationTest
Finishing class org.apache.commons.math.genetics.RandomKeyMutationTest Tests run: 1 Failures: 0 Errors: 0 Skipped: 0 Time elapsed: 0.009sec
Starting class org.apache.commons.math.genetics.RandomKeyTest
Finishing class org.apache.commons.math.genetics.RandomKeyTest Tests run: 9 Failures: 0 Errors: 0 Skipped: 0 Time elapsed: 0.055sec
Starting class org.apache.commons.math.genetics.TournamentSelectionTest
Finishing class org.apache.commons.math.genetics.TournamentSelectionTest Tests run: 1 Failures: 0 Errors: 0 Skipped: 0 Time elapsed: 0.007sec
Starting class org.apache.commons.math.geometry.RotationOrderTest
Finishing class org.apache.commons.math.geometry.RotationOrderTest Tests run: 1 Failures: 0 Errors: 0 Skipped: 0 Time elapsed: 0.008sec
Starting class org.apache.commons.math.geometry.RotationTest
Finishing class org.apache.commons.math.geometry.RotationTest Tests run: 12 Failures: 0 Errors: 0 Skipped: 0 Time elapsed: 0.376sec
Starting class org.apache.commons.math.geometry.Vector3DTest
Finishing class org.apache.commons.math.geometry.Vector3DTest Tests run: 18 Failures: 0 Errors: 0 Skipped: 0 Time elapsed: 0.131sec
Starting class org.apache.commons.math.linear.Array2DRowRealMatrixTest
Finishing class org.apache.commons.math.linear.Array2DRowRealMatrixTest Tests run: 38 Failures: 0 Errors: 0 Skipped: 0 Time elapsed: 0.31sec
Starting class org.apache.commons.math.linear.ArrayFieldVectorTest
Finishing class org.apache.commons.math.linear.ArrayFieldVectorTest Tests run: 6 Failures: 0 Errors: 0 Skipped: 0 Time elapsed: 0.06sec
Starting class org.apache.commons.math.linear.ArrayRealVectorTest
Finishing class org.apache.commons.math.linear.ArrayRealVectorTest Tests run: 7 Failures: 0 Errors: 0 Skipped: 0 Time elapsed: 0.061sec
Starting class org.apache.commons.math.linear.BiDiagonalTransformerTest
Finishing class org.apache.commons.math.linear.BiDiagonalTransformerTest Tests run: 7 Failures: 0 Errors: 0 Skipped: 0 Time elapsed: 0.052sec
Starting class org.apache.commons.math.linear.BigMatrixImplTest
Finishing class org.apache.commons.math.linear.BigMatrixImplTest Tests run: 28 Failures: 0 Errors: 0 Skipped: 0 Time elapsed: 0.235sec
Starting class org.apache.commons.math.linear.BlockFieldMatrixTest
Finishing class org.apache.commons.math.linear.BlockFieldMatrixTest Tests run: 46 Failures: 0 Errors: 0 Skipped: 0 Time elapsed: 1.021sec
Starting class org.apache.commons.math.linear.BlockRealMatrixTest
Finishing class org.apache.commons.math.linear.BlockRealMatrixTest Tests run: 48 Failures: 0 Errors: 0 Skipped: 0 Time elapsed: 0.537sec
Starting class org.apache.commons.math.linear.CholeskyDecompositionImplTest
Finishing class org.apache.commons.math.linear.CholeskyDecompositionImplTest Tests run: 9 Failures: 0 Errors: 0 Skipped: 0 Time elapsed: 0.064sec
Starting class org.apache.commons.math.linear.CholeskySolverTest
Finishing class org.apache.commons.math.linear.CholeskySolverTest Tests run: 3 Failures: 0 Errors: 0 Skipped: 0 Time elapsed: 0.022sec
Starting class org.apache.commons.math.linear.EigenDecompositionImplTest
Finishing class org.apache.commons.math.linear.EigenDecompositionImplTest Tests run: 15 Failures: 0 Errors: 0 Skipped: 0 Time elapsed: 0.234sec
Starting class org.apache.commons.math.linear.EigenSolverTest
Finishing class org.apache.commons.math.linear.EigenSolverTest Tests run: 4 Failures: 0 Errors: 0 Skipped: 0 Time elapsed: 0.035sec
Starting class org.apache.commons.math.linear.FieldLUDecompositionImplTest
Finishing class org.apache.commons.math.linear.FieldLUDecompositionImplTest Tests run: 9 Failures: 0 Errors: 0 Skipped: 0 Time elapsed: 0.068sec
Starting class org.apache.commons.math.linear.FieldMatrixImplTest
Finishing class org.apache.commons.math.linear.FieldMatrixImplTest Tests run: 36 Failures: 0 Errors: 0 Skipped: 0 Time elapsed: 0.33sec
Starting class org.apache.commons.math.linear.InvalidMatrixExceptionTest
Finishing class org.apache.commons.math.linear.InvalidMatrixExceptionTest Tests run: 1 Failures: 0 Errors: 0 Skipped: 0 Time elapsed: 0.007sec
Starting class org.apache.commons.math.linear.LUDecompositionImplTest
Finishing class org.apache.commons.math.linear.LUDecompositionImplTest Tests run: 9 Failures: 0 Errors: 0 Skipped: 0 Time elapsed: 0.069sec
Starting class org.apache.commons.math.linear.LUSolverTest
Finishing class org.apache.commons.math.linear.LUSolverTest Tests run: 6 Failures: 0 Errors: 0 Skipped: 0 Time elapsed: 0.047sec
Starting class org.apache.commons.math.linear.MatrixIndexExceptionTest
Finishing class org.apache.commons.math.linear.MatrixIndexExceptionTest Tests run: 1 Failures: 0 Errors: 0 Skipped: 0 Time elapsed: 0.007sec
Starting class org.apache.commons.math.linear.MatrixUtilsTest
Finishing class org.apache.commons.math.linear.MatrixUtilsTest Tests run: 14 Failures: 0 Errors: 0 Skipped: 0 Time elapsed: 0.107sec
Starting class org.apache.commons.math.linear.QRDecompositionImplTest
Finishing class org.apache.commons.math.linear.QRDecompositionImplTest Tests run: 6 Failures: 0 Errors: 0 Skipped: 0 Time elapsed: 0.151sec
Starting class org.apache.commons.math.linear.QRSolverTest
Finishing class org.apache.commons.math.linear.QRSolverTest Tests run: 6 Failures: 0 Errors: 0 Skipped: 0 Time elapsed: 0.113sec
Starting class org.apache.commons.math.linear.RealMatrixImplTest
Finishing class org.apache.commons.math.linear.RealMatrixImplTest Tests run: 38 Failures: 0 Errors: 0 Skipped: 0 Time elapsed: 0.35sec
Starting class org.apache.commons.math.linear.SingularValueDecompositionImplTest
Finishing class org.apache.commons.math.linear.SingularValueDecompositionImplTest Tests run: 10 Failures: 0 Errors: 0 Skipped: 0 Time elapsed: 0.083sec
Starting class org.apache.commons.math.linear.SingularValueSolverTest
Finishing class org.apache.commons.math.linear.SingularValueSolverTest Tests run: 4 Failures: 0 Errors: 0 Skipped: 0 Time elapsed: 0.035sec
Starting class org.apache.commons.math.linear.SparseFieldMatrixTest
Finishing class org.apache.commons.math.linear.SparseFieldMatrixTest Tests run: 24 Failures: 0 Errors: 0 Skipped: 0 Time elapsed: 0.237sec
Starting class org.apache.commons.math.linear.SparseFieldVectorTest
Finishing class org.apache.commons.math.linear.SparseFieldVectorTest Tests run: 4 Failures: 0 Errors: 0 Skipped: 0 Time elapsed: 0.04sec
Starting class org.apache.commons.math.linear.SparseRealMatrixTest
Finishing class org.apache.commons.math.linear.SparseRealMatrixTest Tests run: 27 Failures: 0 Errors: 0 Skipped: 0 Time elapsed: 0.237sec
Starting class org.apache.commons.math.linear.SparseRealVectorTest
Finishing class org.apache.commons.math.linear.SparseRealVectorTest Tests run: 7 Failures: 0 Errors: 0 Skipped: 0 Time elapsed: 0.077sec
Starting class org.apache.commons.math.linear.TriDiagonalTransformerTest
Finishing class org.apache.commons.math.linear.TriDiagonalTransformerTest Tests run: 8 Failures: 0 Errors: 0 Skipped: 0 Time elapsed: 0.068sec
Starting class org.apache.commons.math.MathConfigurationExceptionTest
Finishing class org.apache.commons.math.MathConfigurationExceptionTest Tests run: 4 Failures: 0 Errors: 0 Skipped: 0 Time elapsed: 0.037sec
Starting class org.apache.commons.math.MathExceptionTest
Finishing class org.apache.commons.math.MathExceptionTest Tests run: 6 Failures: 0 Errors: 0 Skipped: 0 Time elapsed: 0.064sec
Starting class org.apache.commons.math.MaxIterationsExceededExceptionTest
Finishing class org.apache.commons.math.MaxIterationsExceededExceptionTest Tests run: 2 Failures: 0 Errors: 0 Skipped: 0 Time elapsed: 0.016sec
Starting class org.apache.commons.math.ode.ContinuousOutputModelTest
Finishing class org.apache.commons.math.ode.ContinuousOutputModelTest Tests run: 4 Failures: 0 Errors: 0 Skipped: 0 Time elapsed: 0.101sec
Starting class org.apache.commons.math.ode.FirstOrderConverterTest
Finishing class org.apache.commons.math.ode.FirstOrderConverterTest Tests run: 4 Failures: 0 Errors: 0 Skipped: 0 Time elapsed: 0.088sec
Starting class org.apache.commons.math.ode.nonstiff.AdamsBashforthIntegratorTest
Finishing class org.apache.commons.math.ode.nonstiff.AdamsBashforthIntegratorTest Tests run: 6 Failures: 0 Errors: 0 Skipped: 0 Time elapsed: 0.549sec
Starting class org.apache.commons.math.ode.nonstiff.AdamsMoultonIntegratorTest
Finishing class org.apache.commons.math.ode.nonstiff.AdamsMoultonIntegratorTest Tests run: 6 Failures: 0 Errors: 0 Skipped: 0 Time elapsed: 0.139sec
Starting class org.apache.commons.math.ode.nonstiff.ClassicalRungeKuttaIntegratorTest
Finishing class org.apache.commons.math.ode.nonstiff.ClassicalRungeKuttaIntegratorTest Tests run: 7 Failures: 0 Errors: 0 Skipped: 0 Time elapsed: 0.298sec
Starting class org.apache.commons.math.ode.nonstiff.ClassicalRungeKuttaStepInterpolatorTest
Finishing class org.apache.commons.math.ode.nonstiff.ClassicalRungeKuttaStepInterpolatorTest Tests run: 2 Failures: 0 Errors: 0 Skipped: 0 Time elapsed: 0.17sec
Starting class org.apache.commons.math.ode.nonstiff.DormandPrince54IntegratorTest
Finishing class org.apache.commons.math.ode.nonstiff.DormandPrince54IntegratorTest Tests run: 8 Failures: 0 Errors: 0 Skipped: 0 Time elapsed: 0.124sec
Starting class org.apache.commons.math.ode.nonstiff.DormandPrince54StepInterpolatorTest
Finishing class org.apache.commons.math.ode.nonstiff.DormandPrince54StepInterpolatorTest Tests run: 3 Failures: 0 Errors: 0 Skipped: 0 Time elapsed: 0.065sec
Starting class org.apache.commons.math.ode.nonstiff.DormandPrince853IntegratorTest
Finishing class org.apache.commons.math.ode.nonstiff.DormandPrince853IntegratorTest Tests run: 10 Failures: 0 Errors: 0 Skipped: 0 Time elapsed: 0.158sec
Starting class org.apache.commons.math.ode.nonstiff.DormandPrince853StepInterpolatorTest
Finishing class org.apache.commons.math.ode.nonstiff.DormandPrince853StepInterpolatorTest Tests run: 3 Failures: 0 Errors: 0 Skipped: 0 Time elapsed: 0.055sec
Starting class org.apache.commons.math.ode.nonstiff.EulerIntegratorTest
Finishing class org.apache.commons.math.ode.nonstiff.EulerIntegratorTest Tests run: 6 Failures: 0 Errors: 0 Skipped: 0 Time elapsed: 0.19sec
Starting class org.apache.commons.math.ode.nonstiff.EulerStepInterpolatorTest
Finishing class org.apache.commons.math.ode.nonstiff.EulerStepInterpolatorTest Tests run: 5 Failures: 0 Errors: 0 Skipped: 0 Time elapsed: 0.089sec
Starting class org.apache.commons.math.ode.nonstiff.GillIntegratorTest
Finishing class org.apache.commons.math.ode.nonstiff.GillIntegratorTest Tests run: 8 Failures: 0 Errors: 0 Skipped: 0 Time elapsed: 0.282sec
Starting class org.apache.commons.math.ode.nonstiff.GillStepInterpolatorTest
Finishing class org.apache.commons.math.ode.nonstiff.GillStepInterpolatorTest Tests run: 2 Failures: 0 Errors: 0 Skipped: 0 Time elapsed: 0.093sec
Starting class org.apache.commons.math.ode.nonstiff.GraggBulirschStoerIntegratorTest
Finishing class org.apache.commons.math.ode.nonstiff.GraggBulirschStoerIntegratorTest Tests run: 10 Failures: 0 Errors: 0 Skipped: 0 Time elapsed: 0.444sec
Starting class org.apache.commons.math.ode.nonstiff.GraggBulirschStoerStepInterpolatorTest
Finishing class org.apache.commons.math.ode.nonstiff.GraggBulirschStoerStepInterpolatorTest Tests run: 2 Failures: 0 Errors: 0 Skipped: 0 Time elapsed: 0.049sec
Starting class org.apache.commons.math.ode.nonstiff.HighamHall54IntegratorTest
Finishing class org.apache.commons.math.ode.nonstiff.HighamHall54IntegratorTest Tests run: 9 Failures: 0 Errors: 0 Skipped: 0 Time elapsed: 0.155sec
Starting class org.apache.commons.math.ode.nonstiff.HighamHall54StepInterpolatorTest
Finishing class org.apache.commons.math.ode.nonstiff.HighamHall54StepInterpolatorTest Tests run: 3 Failures: 0 Errors: 0 Skipped: 0 Time elapsed: 0.063sec
Starting class org.apache.commons.math.ode.nonstiff.MidpointIntegratorTest
Finishing class org.apache.commons.math.ode.nonstiff.MidpointIntegratorTest Tests run: 6 Failures: 0 Errors: 0 Skipped: 0 Time elapsed: 0.192sec
Starting class org.apache.commons.math.ode.nonstiff.MidpointStepInterpolatorTest
Finishing class org.apache.commons.math.ode.nonstiff.MidpointStepInterpolatorTest Tests run: 2 Failures: 0 Errors: 0 Skipped: 0 Time elapsed: 0.043sec
Starting class org.apache.commons.math.ode.nonstiff.ThreeEighthesIntegratorTest
Finishing class org.apache.commons.math.ode.nonstiff.ThreeEighthesIntegratorTest Tests run: 7 Failures: 0 Errors: 0 Skipped: 0 Time elapsed: 0.19sec
Starting class org.apache.commons.math.ode.nonstiff.ThreeEighthesStepInterpolatorTest
Finishing class org.apache.commons.math.ode.nonstiff.ThreeEighthesStepInterpolatorTest Tests run: 2 Failures: 0 Errors: 0 Skipped: 0 Time elapsed: 0.071sec
Starting class org.apache.commons.math.ode.sampling.DummyStepInterpolatorTest
Finishing class org.apache.commons.math.ode.sampling.DummyStepInterpolatorTest Tests run: 4 Failures: 0 Errors: 0 Skipped: 0 Time elapsed: 0.061sec
Starting class org.apache.commons.math.ode.sampling.NordsieckStepInterpolatorTest
Finishing class org.apache.commons.math.ode.sampling.NordsieckStepInterpolatorTest Tests run: 2 Failures: 0 Errors: 0 Skipped: 0 Time elapsed: 0.054sec
Starting class org.apache.commons.math.ode.sampling.StepNormalizerTest
Finishing class org.apache.commons.math.ode.sampling.StepNormalizerTest Tests run: 2 Failures: 0 Errors: 0 Skipped: 0 Time elapsed: 0.035sec
Starting class org.apache.commons.math.optimization.direct.MultiDirectionalTest
Finishing class org.apache.commons.math.optimization.direct.MultiDirectionalTest Tests run: 4 Failures: 0 Errors: 0 Skipped: 0 Time elapsed: 0.079sec
Starting class org.apache.commons.math.optimization.direct.NelderMeadTest
Finishing class org.apache.commons.math.optimization.direct.NelderMeadTest Tests run: 9 Failures: 0 Errors: 0 Skipped: 0 Time elapsed: 0.145sec
Starting class org.apache.commons.math.optimization.fitting.HarmonicFitterTest
Finishing class org.apache.commons.math.optimization.fitting.HarmonicFitterTest Tests run: 4 Failures: 0 Errors: 0 Skipped: 0 Time elapsed: 0.084sec
Starting class org.apache.commons.math.optimization.fitting.PolynomialFitterTest
Finishing class org.apache.commons.math.optimization.fitting.PolynomialFitterTest Tests run: 4 Failures: 0 Errors: 0 Skipped: 0 Time elapsed: 0.121sec
Starting class org.apache.commons.math.optimization.general.GaussNewtonOptimizerTest
Finishing class org.apache.commons.math.optimization.general.GaussNewtonOptimizerTest Tests run: 15 Failures: 0 Errors: 0 Skipped: 0 Time elapsed: 0.246sec
Starting class org.apache.commons.math.optimization.general.LevenbergMarquardtOptimizerTest
Finishing class org.apache.commons.math.optimization.general.LevenbergMarquardtOptimizerTest Tests run: 16 Failures: 0 Errors: 0 Skipped: 0 Time elapsed: 0.257sec
Starting class org.apache.commons.math.optimization.general.MinpackTest
Finishing class org.apache.commons.math.optimization.general.MinpackTest Tests run: 18 Failures: 0 Errors: 0 Skipped: 0 Time elapsed: 0.428sec
Starting class org.apache.commons.math.optimization.general.NonLinearConjugateGradientOptimizerTest
Finishing class org.apache.commons.math.optimization.general.NonLinearConjugateGradientOptimizerTest Tests run: 12 Failures: 0 Errors: 0 Skipped: 0 Time elapsed: 0.201sec
Starting class org.apache.commons.math.optimization.linear.SimplexSolverTest
Finishing class org.apache.commons.math.optimization.linear.SimplexSolverTest Tests run: 12 Failures: 0 Errors: 0 Skipped: 0 Time elapsed: 0.424sec
Starting class org.apache.commons.math.optimization.linear.SimplexTableauTest
Finishing class org.apache.commons.math.optimization.linear.SimplexTableauTest Tests run: 4 Failures: 0 Errors: 0 Skipped: 0 Time elapsed: 0.066sec
Starting class org.apache.commons.math.optimization.MultiStartDifferentiableMultivariateRealOptimizerTest
Finishing class org.apache.commons.math.optimization.MultiStartDifferentiableMultivariateRealOptimizerTest Tests run: 1 Failures: 0 Errors: 0 Skipped: 0 Time elapsed: 0.026sec
Starting class org.apache.commons.math.optimization.MultiStartDifferentiableMultivariateVectorialOptimizerTest
Finishing class org.apache.commons.math.optimization.MultiStartDifferentiableMultivariateVectorialOptimizerTest Tests run: 2 Failures: 0 Errors: 0 Skipped: 0 Time elapsed: 0.049sec
Starting class org.apache.commons.math.optimization.MultiStartMultivariateRealOptimizerTest
Finishing class org.apache.commons.math.optimization.MultiStartMultivariateRealOptimizerTest Tests run: 1 Failures: 0 Errors: 0 Skipped: 0 Time elapsed: 0.024sec
Starting class org.apache.commons.math.optimization.MultiStartUnivariateRealOptimizerTest
Finishing class org.apache.commons.math.optimization.MultiStartUnivariateRealOptimizerTest Tests run: 2 Failures: 0 Errors: 0 Skipped: 0 Time elapsed: 0.045sec
Starting class org.apache.commons.math.optimization.univariate.BrentMinimizerTest
Finishing class org.apache.commons.math.optimization.univariate.BrentMinimizerTest Tests run: 4 Failures: 0 Errors: 0 Skipped: 0 Time elapsed: 0.151sec
Starting class org.apache.commons.math.random.CorrelatedRandomVectorGeneratorTest
Finishing class org.apache.commons.math.random.CorrelatedRandomVectorGeneratorTest Tests run: 4 Failures: 0 Errors: 0 Skipped: 0 Time elapsed: 0.134sec
Starting class org.apache.commons.math.random.GaussianRandomGeneratorTest
Finishing class org.apache.commons.math.random.GaussianRandomGeneratorTest Tests run: 1 Failures: 0 Errors: 0 Skipped: 0 Time elapsed: 0.04sec
Starting class org.apache.commons.math.random.MersenneTwisterTest
Finishing class org.apache.commons.math.random.MersenneTwisterTest Tests run: 10 Failures: 0 Errors: 0 Skipped: 0 Time elapsed: 0.305sec
Starting class org.apache.commons.math.random.UncorrelatedRandomVectorGeneratorTest
Finishing class org.apache.commons.math.random.UncorrelatedRandomVectorGeneratorTest Tests run: 1 Failures: 0 Errors: 0 Skipped: 0 Time elapsed: 0.032sec
Starting class org.apache.commons.math.random.UniformRandomGeneratorTest
Finishing class org.apache.commons.math.random.UniformRandomGeneratorTest Tests run: 1 Failures: 0 Errors: 0 Skipped: 0 Time elapsed: 0.023sec
Starting class org.apache.commons.math.special.BetaTest
Finishing class org.apache.commons.math.special.BetaTest Tests run: 17 Failures: 0 Errors: 0 Skipped: 0 Time elapsed: 0.238sec
Starting class org.apache.commons.math.special.ErfTest
Finishing class org.apache.commons.math.special.ErfTest Tests run: 5 Failures: 0 Errors: 0 Skipped: 0 Time elapsed: 0.066sec
Starting class org.apache.commons.math.special.GammaTest
Finishing class org.apache.commons.math.special.GammaTest Tests run: 14 Failures: 0 Errors: 0 Skipped: 0 Time elapsed: 0.191sec
Starting class org.apache.commons.math.stat.CertifiedDataTest
Finishing class org.apache.commons.math.stat.CertifiedDataTest Tests run: 2 Failures: 0 Errors: 0 Skipped: 0 Time elapsed: 0.086sec
Starting class org.apache.commons.math.stat.clustering.EuclideanIntegerPointTest
Finishing class org.apache.commons.math.stat.clustering.EuclideanIntegerPointTest Tests run: 4 Failures: 0 Errors: 0 Skipped: 0 Time elapsed: 0.071sec
Starting class org.apache.commons.math.stat.clustering.KMeansPlusPlusClustererTest
Finishing class org.apache.commons.math.stat.clustering.KMeansPlusPlusClustererTest Tests run: 1 Failures: 0 Errors: 0 Skipped: 0 Time elapsed: 0.016sec
Starting class org.apache.commons.math.stat.correlation.CovarianceTest
Finishing class org.apache.commons.math.stat.correlation.CovarianceTest Tests run: 5 Failures: 0 Errors: 0 Skipped: 0 Time elapsed: 0.071sec
Starting class org.apache.commons.math.stat.correlation.PearsonsCorrelationTest
Finishing class org.apache.commons.math.stat.correlation.PearsonsCorrelationTest Tests run: 7 Failures: 0 Errors: 0 Skipped: 0 Time elapsed: 0.115sec
Starting class org.apache.commons.math.stat.descriptive.AbstractUnivariateStatisticTest
Finishing class org.apache.commons.math.stat.descriptive.AbstractUnivariateStatisticTest Tests run: 2 Failures: 0 Errors: 0 Skipped: 0 Time elapsed: 0.026sec
Starting class org.apache.commons.math.stat.descriptive.AggregateSummaryStatisticsTest
Finishing class org.apache.commons.math.stat.descriptive.AggregateSummaryStatisticsTest Tests run: 5 Failures: 0 Errors: 0 Skipped: 0 Time elapsed: 0.082sec
Starting class org.apache.commons.math.stat.descriptive.DescriptiveStatisticsTest
Finishing class org.apache.commons.math.stat.descriptive.DescriptiveStatisticsTest Tests run: 9 Failures: 0 Errors: 0 Skipped: 0 Time elapsed: 0.138sec
Starting class org.apache.commons.math.stat.descriptive.InteractionTest
Finishing class org.apache.commons.math.stat.descriptive.InteractionTest Tests run: 1 Failures: 0 Errors: 0 Skipped: 0 Time elapsed: 0.014sec
Starting class org.apache.commons.math.stat.descriptive.ListUnivariateImplTest
Finishing class org.apache.commons.math.stat.descriptive.ListUnivariateImplTest Tests run: 5 Failures: 0 Errors: 0 Skipped: 0 Time elapsed: 0.098sec
Starting class org.apache.commons.math.stat.descriptive.MixedListUnivariateImplTest
Finishing class org.apache.commons.math.stat.descriptive.MixedListUnivariateImplTest Tests run: 4 Failures: 0 Errors: 0 Skipped: 0 Time elapsed: 0.064sec
Starting class org.apache.commons.math.stat.descriptive.moment.VectorialCovarianceTest
Finishing class org.apache.commons.math.stat.descriptive.moment.VectorialCovarianceTest Tests run: 4 Failures: 0 Errors: 0 Skipped: 0 Time elapsed: 0.067sec
Starting class org.apache.commons.math.stat.descriptive.moment.VectorialMeanTest
Finishing class org.apache.commons.math.stat.descriptive.moment.VectorialMeanTest Tests run: 4 Failures: 0 Errors: 0 Skipped: 0 Time elapsed: 0.063sec
Starting class org.apache.commons.math.stat.descriptive.MultivariateSummaryStatisticsTest
Finishing class org.apache.commons.math.stat.descriptive.MultivariateSummaryStatisticsTest Tests run: 10 Failures: 0 Errors: 0 Skipped: 0 Time elapsed: 0.181sec
Starting class org.apache.commons.math.stat.descriptive.StatisticalSummaryValuesTest
Finishing class org.apache.commons.math.stat.descriptive.StatisticalSummaryValuesTest Tests run: 2 Failures: 0 Errors: 0 Skipped: 0 Time elapsed: 0.035sec
Starting class org.apache.commons.math.stat.descriptive.SummaryStatisticsTest
Finishing class org.apache.commons.math.stat.descriptive.SummaryStatisticsTest Tests run: 10 Failures: 0 Errors: 0 Skipped: 0 Time elapsed: 0.179sec
Starting class org.apache.commons.math.stat.FrequencyTest
Finishing class org.apache.commons.math.stat.FrequencyTest Tests run: 8 Failures: 0 Errors: 0 Skipped: 0 Time elapsed: 0.127sec
Starting class org.apache.commons.math.stat.inference.ChiSquareTestTest
Finishing class org.apache.commons.math.stat.inference.ChiSquareTestTest Tests run: 7 Failures: 0 Errors: 0 Skipped: 0 Time elapsed: 0.107sec
Starting class org.apache.commons.math.stat.inference.OneWayAnovaTest
Finishing class org.apache.commons.math.stat.inference.OneWayAnovaTest Tests run: 3 Failures: 0 Errors: 0 Skipped: 0 Time elapsed: 0.054sec
Starting class org.apache.commons.math.stat.inference.TestUtilsTest
Finishing class org.apache.commons.math.stat.inference.TestUtilsTest Tests run: 11 Failures: 0 Errors: 0 Skipped: 0 Time elapsed: 0.189sec
Starting class org.apache.commons.math.stat.inference.TTestTest
Finishing class org.apache.commons.math.stat.inference.TTestTest Tests run: 6 Failures: 0 Errors: 0 Skipped: 0 Time elapsed: 0.093sec
Starting class org.apache.commons.math.stat.ranking.NaturalRankingTest
Finishing class org.apache.commons.math.stat.ranking.NaturalRankingTest Tests run: 7 Failures: 0 Errors: 0 Skipped: 0 Time elapsed: 0.106sec
Starting class org.apache.commons.math.stat.regression.GLSMultipleLinearRegressionTest
Finishing class org.apache.commons.math.stat.regression.GLSMultipleLinearRegressionTest Tests run: 11 Failures: 0 Errors: 0 Skipped: 0 Time elapsed: 0.161sec
Starting class org.apache.commons.math.stat.regression.OLSMultipleLinearRegressionTest
Finishing class org.apache.commons.math.stat.regression.OLSMultipleLinearRegressionTest Tests run: 11 Failures: 0 Errors: 0 Skipped: 0 Time elapsed: 0.157sec
Starting class org.apache.commons.math.stat.regression.SimpleRegressionTest
Finishing class org.apache.commons.math.stat.regression.SimpleRegressionTest Tests run: 16 Failures: 0 Errors: 0 Skipped: 0 Time elapsed: 0.221sec
Starting class org.apache.commons.math.stat.StatUtilsTest
Finishing class org.apache.commons.math.stat.StatUtilsTest Tests run: 13 Failures: 0 Errors: 0 Skipped: 0 Time elapsed: 0.189sec
Starting class org.apache.commons.math.transform.FastCosineTransformerTest
Finishing class org.apache.commons.math.transform.FastCosineTransformerTest Tests run: 3 Failures: 0 Errors: 0 Skipped: 0 Time elapsed: 0.051sec
Starting class org.apache.commons.math.transform.FastFourierTransformerTest
Finishing class org.apache.commons.math.transform.FastFourierTransformerTest Tests run: 4 Failures: 0 Errors: 0 Skipped: 0 Time elapsed: 0.065sec
Starting class org.apache.commons.math.transform.FastHadamardTransformerTest
Finishing class org.apache.commons.math.transform.FastHadamardTransformerTest Tests run: 4 Failures: 0 Errors: 0 Skipped: 0 Time elapsed: 0.057sec
Starting class org.apache.commons.math.transform.FastSineTransformerTest
Finishing class org.apache.commons.math.transform.FastSineTransformerTest Tests run: 3 Failures: 0 Errors: 0 Skipped: 0 Time elapsed: 0.047sec
Starting class org.apache.commons.math.util.BigRealFieldTest
Finishing class org.apache.commons.math.util.BigRealFieldTest Tests run: 3 Failures: 0 Errors: 0 Skipped: 0 Time elapsed: 0.051sec
Starting class org.apache.commons.math.util.BigRealTest
Finishing class org.apache.commons.math.util.BigRealTest Tests run: 5 Failures: 0 Errors: 0 Skipped: 0 Time elapsed: 0.074sec
Starting class org.apache.commons.math.util.ContinuedFractionTest
Finishing class org.apache.commons.math.util.ContinuedFractionTest Tests run: 1 Failures: 0 Errors: 0 Skipped: 0 Time elapsed: 0.014sec
Starting class org.apache.commons.math.util.DefaultTransformerTest
Finishing class org.apache.commons.math.util.DefaultTransformerTest Tests run: 7 Failures: 0 Errors: 0 Skipped: 0 Time elapsed: 0.102sec
Starting class org.apache.commons.math.util.MathUtilsTest
Finishing class org.apache.commons.math.util.MathUtilsTest Tests run: 53 Failures: 2 Errors: 0 Skipped: 0 Time elapsed: 1.223sec
---------------------Failures--------------------
Header: testGcd(org.apache.commons.math.util.MathUtilsTest)
Message: expected:<98304> but was:<3440640>
Description: testGcd(org.apache.commons.math.util.MathUtilsTest)
Header: testGcd(org.apache.commons.math.util.MathUtilsTest)
Trace: junit.framework.AssertionFailedError: expected:<98304> but was:<3440640>
	at junit.framework.Assert.fail(Assert.java:47)
	at junit.framework.Assert.failNotEquals(Assert.java:277)
	at junit.framework.Assert.assertEquals(Assert.java:64)
	at junit.framework.Assert.assertEquals(Assert.java:195)
	at junit.framework.Assert.assertEquals(Assert.java:201)
	at org.apache.commons.math.util.MathUtilsTest.testGcd(MathUtilsTest.java:465)
	at sun.reflect.NativeMethodAccessorImpl.invoke0(Native Method)
	at sun.reflect.NativeMethodAccessorImpl.invoke(NativeMethodAccessorImpl.java:62)
	at sun.reflect.DelegatingMethodAccessorImpl.invoke(DelegatingMethodAccessorImpl.java:43)
	at java.lang.reflect.Method.invoke(Method.java:497)
	at junit.framework.TestCase.runTest(TestCase.java:168)
	at junit.framework.TestCase.runBare(TestCase.java:134)
	at junit.framework.TestResult$1.protect(TestResult.java:110)
	at junit.framework.TestResult.runProtected(TestResult.java:128)
	at junit.framework.TestResult.run(TestResult.java:113)
	at junit.framework.TestCase.run(TestCase.java:124)
	at junit.framework.TestSuite.runTest(TestSuite.java:232)
	at junit.framework.TestSuite.run(TestSuite.java:227)
	at org.junit.internal.runners.JUnit38ClassRunner.run(JUnit38ClassRunner.java:81)
	at org.junit.internal.runners.CompositeRunner.runChildren(CompositeRunner.java:33)
	at org.junit.internal.runners.CompositeRunner.run(CompositeRunner.java:28)
	at org.junit.runner.JUnitCore.run(JUnitCore.java:130)
	at org.junit.runner.JUnitCore.run(JUnitCore.java:109)
	at org.junit.runner.JUnitCore.run(JUnitCore.java:100)
	at org.spideruci.tacoco.JUnitRunner.run(JUnitRunner.java:42)
	at java.util.concurrent.Executors$RunnableAdapter.call(Executors.java:511)
	at java.util.concurrent.FutureTask.run(FutureTask.java:266)
	at java.util.concurrent.ThreadPoolExecutor.runWorker(ThreadPoolExecutor.java:1142)
	at java.util.concurrent.ThreadPoolExecutor$Worker.run(ThreadPoolExecutor.java:617)
	at java.lang.Thread.run(Thread.java:745)

Header: testLcm(org.apache.commons.math.util.MathUtilsTest)
Message: expected:<15728640> but was:<0>
Description: testLcm(org.apache.commons.math.util.MathUtilsTest)
Header: testLcm(org.apache.commons.math.util.MathUtilsTest)
Trace: junit.framework.AssertionFailedError: expected:<15728640> but was:<0>
	at junit.framework.Assert.fail(Assert.java:47)
	at junit.framework.Assert.failNotEquals(Assert.java:277)
	at junit.framework.Assert.assertEquals(Assert.java:64)
	at junit.framework.Assert.assertEquals(Assert.java:195)
	at junit.framework.Assert.assertEquals(Assert.java:201)
	at org.apache.commons.math.util.MathUtilsTest.testLcm(MathUtilsTest.java:618)
	at sun.reflect.NativeMethodAccessorImpl.invoke0(Native Method)
	at sun.reflect.NativeMethodAccessorImpl.invoke(NativeMethodAccessorImpl.java:62)
	at sun.reflect.DelegatingMethodAccessorImpl.invoke(DelegatingMethodAccessorImpl.java:43)
	at java.lang.reflect.Method.invoke(Method.java:497)
	at junit.framework.TestCase.runTest(TestCase.java:168)
	at junit.framework.TestCase.runBare(TestCase.java:134)
	at junit.framework.TestResult$1.protect(TestResult.java:110)
	at junit.framework.TestResult.runProtected(TestResult.java:128)
	at junit.framework.TestResult.run(TestResult.java:113)
	at junit.framework.TestCase.run(TestCase.java:124)
	at junit.framework.TestSuite.runTest(TestSuite.java:232)
	at junit.framework.TestSuite.run(TestSuite.java:227)
	at org.junit.internal.runners.JUnit38ClassRunner.run(JUnit38ClassRunner.java:81)
	at org.junit.internal.runners.CompositeRunner.runChildren(CompositeRunner.java:33)
	at org.junit.internal.runners.CompositeRunner.run(CompositeRunner.java:28)
	at org.junit.runner.JUnitCore.run(JUnitCore.java:130)
	at org.junit.runner.JUnitCore.run(JUnitCore.java:109)
	at org.junit.runner.JUnitCore.run(JUnitCore.java:100)
	at org.spideruci.tacoco.JUnitRunner.run(JUnitRunner.java:42)
	at java.util.concurrent.Executors$RunnableAdapter.call(Executors.java:511)
	at java.util.concurrent.FutureTask.run(FutureTask.java:266)
	at java.util.concurrent.ThreadPoolExecutor.runWorker(ThreadPoolExecutor.java:1142)
	at java.util.concurrent.ThreadPoolExecutor$Worker.run(ThreadPoolExecutor.java:617)
	at java.lang.Thread.run(Thread.java:745)

Starting class org.apache.commons.math.util.OpenIntToDoubleHashMapTest
Finishing class org.apache.commons.math.util.OpenIntToDoubleHashMapTest Tests run: 17 Failures: 0 Errors: 0 Skipped: 0 Time elapsed: 0.345sec
Starting class org.apache.commons.math.util.OpenIntToFieldTest
Finishing class org.apache.commons.math.util.OpenIntToFieldTest Tests run: 17 Failures: 0 Errors: 0 Skipped: 0 Time elapsed: 0.279sec
Starting class org.apache.commons.math.util.TransformerMapTest
Finishing class org.apache.commons.math.util.TransformerMapTest Tests run: 8 Failures: 0 Errors: 0 Skipped: 0 Time elapsed: 0.112sec
-------------------------------------------------
Tacoco Execution Time: 22.304999999999986sec
Run Counts:1442
Failure Counts:2
Ignore Counts:0
Number of Thread:1
-------------------------------------------------
